<?xml version="1.0" encoding="UTF-8"?>
<!-- Generated by org.testng.reporters.JUnitXMLReporter -->
<testsuite hostname="CSPC202" name="Test" tests="9" failures="0" timestamp="1 Jul 2019 12:53:43 GMT" time="6.399" errors="0">
  <testcase name="@BeforeMethod setUp" time="0.0" classname="Tests.TestCreateShipCaddieAccount">
    <failure type="org.openqa.selenium.NoSuchWindowException" message="no such window: target window already closed
from unknown error: web view not found
  (Session info: chrome=75.0.3770.100)
Build info: version: &amp;apos;3.141.59&amp;apos;, revision: &amp;apos;e82be7d358&amp;apos;, time: &amp;apos;2018-11-14T08:17:03&amp;apos;
System info: host: &amp;apos;CSPC202&amp;apos;, ip: &amp;apos;192.168.12.156&amp;apos;, os.name: &amp;apos;Windows 10&amp;apos;, os.arch: &amp;apos;amd64&amp;apos;, os.version: &amp;apos;10.0&amp;apos;, java.version: &amp;apos;1.8.0_211&amp;apos;
Driver info: org.openqa.selenium.chrome.ChromeDriver
Capabilities {acceptInsecureCerts: false, browserName: chrome, browserVersion: 75.0.3770.100, chrome: {chromedriverVersion: 75.0.3770.90 (a6dcaf7e3ec6f..., userDataDir: C:\Users\QA\AppData\Local\T...}, goog:chromeOptions: {debuggerAddress: localhost:59072}, javascriptEnabled: true, networkConnectionEnabled: false, pageLoadStrategy: normal, platform: XP, platformName: XP, proxy: Proxy(), setWindowRect: true, strictFileInteractability: false, timeouts: {implicit: 0, pageLoad: 300000, script: 30000}, unhandledPromptBehavior: dismiss and notify}
Session ID: a54a6b2c04dbcd104deee32ae7f93f43">
      <![CDATA[org.openqa.selenium.NoSuchWindowException: no such window: target window already closed
from unknown error: web view not found
  (Session info: chrome=75.0.3770.100)
Build info: version: '3.141.59', revision: 'e82be7d358', time: '2018-11-14T08:17:03'
System info: host: 'CSPC202', ip: '192.168.12.156', os.name: 'Windows 10', os.arch: 'amd64', os.version: '10.0', java.version: '1.8.0_211'
Driver info: org.openqa.selenium.chrome.ChromeDriver
Capabilities {acceptInsecureCerts: false, browserName: chrome, browserVersion: 75.0.3770.100, chrome: {chromedriverVersion: 75.0.3770.90 (a6dcaf7e3ec6f..., userDataDir: C:\Users\QA\AppData\Local\T...}, goog:chromeOptions: {debuggerAddress: localhost:59072}, javascriptEnabled: true, networkConnectionEnabled: false, pageLoadStrategy: normal, platform: XP, platformName: XP, proxy: Proxy(), setWindowRect: true, strictFileInteractability: false, timeouts: {implicit: 0, pageLoad: 300000, script: 30000}, unhandledPromptBehavior: dismiss and notify}
Session ID: a54a6b2c04dbcd104deee32ae7f93f43
	at org.openqa.selenium.remote.http.W3CHttpResponseCodec.createException(W3CHttpResponseCodec.java:187)
	at org.openqa.selenium.remote.http.W3CHttpResponseCodec.decode(W3CHttpResponseCodec.java:122)
	at org.openqa.selenium.remote.http.W3CHttpResponseCodec.decode(W3CHttpResponseCodec.java:49)
	at org.openqa.selenium.remote.HttpCommandExecutor.execute(HttpCommandExecutor.java:158)
	at org.openqa.selenium.remote.service.DriverCommandExecutor.execute(DriverCommandExecutor.java:83)
	at org.openqa.selenium.remote.RemoteWebDriver.execute(RemoteWebDriver.java:552)
	at org.openqa.selenium.remote.RemoteWebDriver.execute(RemoteWebDriver.java:609)
	at org.openqa.selenium.remote.RemoteWebDriver$RemoteWebDriverOptions$RemoteWindow.maximize(RemoteWebDriver.java:837)
	at Testbase.Base.intializeBrowser(Base.java:59)
	at Tests.TestCreateShipCaddieAccount.setUp(TestCreateShipCaddieAccount.java:22)
... Removed 31 stack frames]]>
    </failure>
  </testcase> <!-- @BeforeMethod setUp -->
  <testcase name="@AfterMethod tearDown" time="0.0" classname="Tests.TestCreateShipCaddieAccount">
    <skipped/>
  </testcase> <!-- @AfterMethod tearDown -->
  <testcase name="@BeforeMethod setUp" time="0.0" classname="Tests.TestCreateShipCaddieAccount">
    <skipped/>
  </testcase> <!-- @BeforeMethod setUp -->
  <testcase name="@AfterMethod tearDown" time="0.0" classname="Tests.TestCreateShipCaddieAccount">
    <skipped/>
  </testcase> <!-- @AfterMethod tearDown -->
  <testcase name="@BeforeMethod setUp" time="0.0" classname="Tests.TestCreateShipCaddieAccount">
    <skipped/>
  </testcase> <!-- @BeforeMethod setUp -->
  <testcase name="@AfterMethod tearDown" time="0.0" classname="Tests.TestCreateShipCaddieAccount">
    <skipped/>
  </testcase> <!-- @AfterMethod tearDown -->
  <testcase name="@BeforeMethod setUp" time="0.0" classname="Tests.TestCreateShipCaddieAccount">
    <skipped/>
  </testcase> <!-- @BeforeMethod setUp -->
  <testcase name="@AfterMethod tearDown" time="0.0" classname="Tests.TestCreateShipCaddieAccount">
    <skipped/>
  </testcase> <!-- @AfterMethod tearDown -->
  <testcase name="@BeforeMethod setUp" time="0.0" classname="Tests.TestCreateShipCaddieAccount">
    <skipped/>
  </testcase> <!-- @BeforeMethod setUp -->
  <testcase name="@AfterMethod tearDown" time="0.0" classname="Tests.TestCreateShipCaddieAccount">
    <skipped/>
  </testcase> <!-- @AfterMethod tearDown -->
  <testcase name="@BeforeMethod setUp" time="0.0" classname="Tests.TestCreateShipCaddieAccount">
    <skipped/>
  </testcase> <!-- @BeforeMethod setUp -->
  <testcase name="@AfterMethod tearDown" time="0.0" classname="Tests.TestCreateShipCaddieAccount">
    <skipped/>
  </testcase> <!-- @AfterMethod tearDown -->
  <testcase name="@BeforeMethod setUp" time="0.0" classname="Tests.TestCreateShipCaddieAccount">
    <skipped/>
  </testcase> <!-- @BeforeMethod setUp -->
  <testcase name="@AfterMethod tearDown" time="0.0" classname="Tests.TestCreateShipCaddieAccount">
    <skipped/>
  </testcase> <!-- @AfterMethod tearDown -->
  <testcase name="@BeforeMethod setUp" time="0.0" classname="Tests.TestCreateShipCaddieAccount">
    <skipped/>
  </testcase> <!-- @BeforeMethod setUp -->
  <testcase name="@AfterMethod tearDown" time="0.0" classname="Tests.TestCreateShipCaddieAccount">
    <skipped/>
  </testcase> <!-- @AfterMethod tearDown -->
  <testcase name="@BeforeMethod setUp" time="0.0" classname="Tests.TestCreateShipCaddieAccount">
    <skipped/>
  </testcase> <!-- @BeforeMethod setUp -->
  <testcase name="@AfterMethod tearDown" time="0.0" classname="Tests.TestCreateShipCaddieAccount">
    <skipped/>
  </testcase> <!-- @AfterMethod tearDown -->
  <testcase name="testWithoutDetails" time="0.005" classname="Tests.TestCreateShipCaddieAccount">
    <skipped/>
  </testcase> <!-- testWithoutDetails -->
  <testcase name="testWithoutFirstName" time="0.003" classname="Tests.TestCreateShipCaddieAccount">
    <skipped/>
  </testcase> <!-- testWithoutFirstName -->
  <testcase name="testWithoutLastName" time="0.002" classname="Tests.TestCreateShipCaddieAccount">
    <skipped/>
  </testcase> <!-- testWithoutLastName -->
  <testcase name="testWithoutEmail" time="0.003" classname="Tests.TestCreateShipCaddieAccount">
    <skipped/>
  </testcase> <!-- testWithoutEmail -->
  <testcase name="testWithoutPassword" time="0.002" classname="Tests.TestCreateShipCaddieAccount">
    <skipped/>
  </testcase> <!-- testWithoutPassword -->
  <testcase name="testWithoutConfirmPassword" time="0.002" classname="Tests.TestCreateShipCaddieAccount">
    <skipped/>
  </testcase> <!-- testWithoutConfirmPassword -->
  <testcase name="testWithoutCheckTermsConditions" time="0.019" classname="Tests.TestCreateShipCaddieAccount">
    <skipped/>
  </testcase> <!-- testWithoutCheckTermsConditions -->
  <testcase name="testWithoutCompany" time="0.003" classname="Tests.TestCreateShipCaddieAccount">
    <skipped/>
  </testcase> <!-- testWithoutCompany -->
  <testcase name="testWithoutPhone" time="0.003" classname="Tests.TestCreateShipCaddieAccount">
    <skipped/>
  </testcase> <!-- testWithoutPhone -->
</testsuite> <!-- Test -->
