<?xml version="1.0" encoding="UTF-8"?>
<!-- Generated by org.testng.reporters.JUnitXMLReporter -->
<testsuite hostname="CSPC202" name="testCreateAccount" tests="20" failures="1" timestamp="5 Jul 2019 13:21:26 GMT" time="482.901" errors="0">
  <testcase name="testCreateNewAccountPageDisplayed" time="7.667" classname="Tests.TestCreateShipCaddieAccount"/>
  <testcase name="testWithoutDetails" time="9.904" classname="Tests.TestCreateShipCaddieAccount"/>
  <testcase name="testWithoutFirstName" time="11.681" classname="Tests.TestCreateShipCaddieAccount"/>
  <testcase name="testWithoutLastName" time="11.376" classname="Tests.TestCreateShipCaddieAccount"/>
  <testcase name="testWithoutEmail" time="11.125" classname="Tests.TestCreateShipCaddieAccount"/>
  <testcase name="testWithoutPassword" time="11.199" classname="Tests.TestCreateShipCaddieAccount"/>
  <testcase name="testWithoutConfirmPassword" time="10.781" classname="Tests.TestCreateShipCaddieAccount"/>
  <testcase name="testWithoutCheckTermsConditions" time="12.048" classname="Tests.TestCreateShipCaddieAccount"/>
  <testcase name="testWithoutCompany" time="11.351" classname="Tests.TestCreateShipCaddieAccount"/>
  <testcase name="testWithoutPhone" time="11.073" classname="Tests.TestCreateShipCaddieAccount"/>
  <testcase name="testWithInvalidFirstName" time="11.399" classname="Tests.TestCreateShipCaddieAccount"/>
  <testcase name="testWithInvalidLastName" time="11.977" classname="Tests.TestCreateShipCaddieAccount"/>
  <testcase name="testWithInvalidEmail" time="11.306" classname="Tests.TestCreateShipCaddieAccount"/>
  <testcase name="testWithInvalidPhone" time="11.514" classname="Tests.TestCreateShipCaddieAccount">
    <failure type="org.openqa.selenium.NoSuchElementException" message="no such element: Unable to locate element: {&amp;quot;method&amp;quot;:&amp;quot;xpath&amp;quot;,&amp;quot;selector&amp;quot;:&amp;quot;//span[text()=&amp;apos;Please fill in or correct fields in red&amp;apos;]&amp;quot;}
  (Session info: chrome=75.0.3770.100)
For documentation on this error, please visit: https://www.seleniumhq.org/exceptions/no_such_element.html
Build info: version: &amp;apos;3.141.59&amp;apos;, revision: &amp;apos;e82be7d358&amp;apos;, time: &amp;apos;2018-11-14T08:17:03&amp;apos;
System info: host: &amp;apos;CSPC202&amp;apos;, ip: &amp;apos;192.168.14.154&amp;apos;, os.name: &amp;apos;Windows 10&amp;apos;, os.arch: &amp;apos;amd64&amp;apos;, os.version: &amp;apos;10.0&amp;apos;, java.version: &amp;apos;1.8.0_211&amp;apos;
Driver info: org.openqa.selenium.chrome.ChromeDriver
Capabilities {acceptInsecureCerts: false, browserName: chrome, browserVersion: 75.0.3770.100, chrome: {chromedriverVersion: 75.0.3770.90 (a6dcaf7e3ec6f..., userDataDir: C:\Users\QA\AppData\Local\T...}, goog:chromeOptions: {debuggerAddress: localhost:56936}, javascriptEnabled: true, networkConnectionEnabled: false, pageLoadStrategy: normal, platform: XP, platformName: XP, proxy: Proxy(), setWindowRect: true, strictFileInteractability: false, timeouts: {implicit: 0, pageLoad: 300000, script: 30000}, unhandledPromptBehavior: dismiss and notify}
Session ID: 90f3143a0647f9247f0f88f77128df0c
*** Element info: {Using=xpath, value=//span[text()=&amp;apos;Please fill in or correct fields in red&amp;apos;]}">
      <![CDATA[org.openqa.selenium.NoSuchElementException: no such element: Unable to locate element: {"method":"xpath","selector":"//span[text()='Please fill in or correct fields in red']"}
  (Session info: chrome=75.0.3770.100)
For documentation on this error, please visit: https://www.seleniumhq.org/exceptions/no_such_element.html
Build info: version: '3.141.59', revision: 'e82be7d358', time: '2018-11-14T08:17:03'
System info: host: 'CSPC202', ip: '192.168.14.154', os.name: 'Windows 10', os.arch: 'amd64', os.version: '10.0', java.version: '1.8.0_211'
Driver info: org.openqa.selenium.chrome.ChromeDriver
Capabilities {acceptInsecureCerts: false, browserName: chrome, browserVersion: 75.0.3770.100, chrome: {chromedriverVersion: 75.0.3770.90 (a6dcaf7e3ec6f..., userDataDir: C:\Users\QA\AppData\Local\T...}, goog:chromeOptions: {debuggerAddress: localhost:56936}, javascriptEnabled: true, networkConnectionEnabled: false, pageLoadStrategy: normal, platform: XP, platformName: XP, proxy: Proxy(), setWindowRect: true, strictFileInteractability: false, timeouts: {implicit: 0, pageLoad: 300000, script: 30000}, unhandledPromptBehavior: dismiss and notify}
Session ID: 90f3143a0647f9247f0f88f77128df0c
*** Element info: {Using=xpath, value=//span[text()='Please fill in or correct fields in red']}
	at org.openqa.selenium.remote.http.W3CHttpResponseCodec.createException(W3CHttpResponseCodec.java:187)
	at org.openqa.selenium.remote.http.W3CHttpResponseCodec.decode(W3CHttpResponseCodec.java:122)
	at org.openqa.selenium.remote.http.W3CHttpResponseCodec.decode(W3CHttpResponseCodec.java:49)
	at org.openqa.selenium.remote.HttpCommandExecutor.execute(HttpCommandExecutor.java:158)
	at org.openqa.selenium.remote.service.DriverCommandExecutor.execute(DriverCommandExecutor.java:83)
	at org.openqa.selenium.remote.RemoteWebDriver.execute(RemoteWebDriver.java:552)
	at org.openqa.selenium.remote.RemoteWebDriver.findElement(RemoteWebDriver.java:323)
	at org.openqa.selenium.remote.RemoteWebDriver.findElementByXPath(RemoteWebDriver.java:428)
	at org.openqa.selenium.By$ByXPath.findElement(By.java:353)
	at org.openqa.selenium.remote.RemoteWebDriver.findElement(RemoteWebDriver.java:315)
	at Tests.TestCreateShipCaddieAccount.testWithInvalidPhone(TestCreateShipCaddieAccount.java:310)
... Removed 28 stack frames]]>
    </failure>
  </testcase> <!-- testWithInvalidPhone -->
  <testcase name="testWithInvalidPassword" time="14.582" classname="Tests.TestCreateShipCaddieAccount"/>
  <testcase name="testLoginInInsteadLinkWorking" time="11.752" classname="Tests.TestCreateShipCaddieAccount"/>
  <testcase name="testInformationIconIsDisplayed" time="7.213" classname="Tests.TestCreateShipCaddieAccount"/>
  <testcase name="testTermsOfServiceLinkWorking" time="11.306" classname="Tests.TestCreateShipCaddieAccount"/>
  <testcase name="testPrivacyLinkWorking" time="15.832" classname="Tests.TestCreateShipCaddieAccount"/>
  <testcase name="testCreateAccountWithAlreadyExistEmail" time="20.574" classname="Tests.TestCreateShipCaddieAccount"/>
</testsuite> <!-- testCreateAccount -->
